[2024-09-20 17:30:44] ==========PROGRAM START==========
[2024-09-20 17:30:44] 프로그램 실행 시작
[2024-09-20 17:30:44] MongoDB에서 데이터 로드 시작
[2024-09-20 17:30:44] MongoDB에서 QA, IRT, Theta 데이터를 로드합니다.
[2024-09-20 17:30:47] QA 데이터 크기: (1677358, 4), IRT 데이터 크기: (9454, 6), Theta 데이터 크기: (275689, 3)
[2024-09-20 17:30:48] 병합된 데이터프레임 크기: (1677358, 8)
[2024-09-20 17:30:48] QA, IRT, Theta 데이터 로드 완료.
[2024-09-20 17:30:49] MongoDB 데이터 로드 완료: 4.71초
[2024-09-20 17:30:49] PostgreSQL에서 education_data 로드 시작
[2024-09-20 17:30:49] PostgreSQL에서 Education 데이터를 로드합니다.
[2024-09-20 17:30:49] Education 데이터 크기: (642, 7)
[2024-09-20 17:30:49] Education 데이터 클린 완료.
[2024-09-20 17:30:49] PostgreSQL education_data 로드 완료: 0.04초
[2024-09-20 17:30:49] PostgreSQL에서 label_math_ele 로드 시작
[2024-09-20 17:30:49] PostgreSQL에서 Label Math Ele 데이터를 로드합니다.
[2024-09-20 17:30:49] Label Math Ele 데이터 크기: (1610, 8)
[2024-09-20 17:30:49] PostgreSQL label_math_ele 로드 완료: 0.03초
[2024-09-20 17:30:49] merged_df 데이터 로딩 시간: 4.71초
[2024-09-20 17:30:49] education_data 데이터 로딩 시간: 0.04초
[2024-09-20 17:30:49] label_math_ele 데이터 로딩 시간: 0.03초
[2024-09-20 17:30:49] 데이터 로딩 완료. 총 소요 시간: 4.78초
[2024-09-20 17:30:49] 데이터 처리 및 병합 시작
[2024-09-20 17:30:49] Merged 데이터를 처리합니다.
[2024-09-20 17:30:49] MongoDB에서 QA, IRT, Theta 데이터를 로드합니다.
[2024-09-20 17:30:52] QA 데이터 크기: (1677358, 4), IRT 데이터 크기: (9454, 6), Theta 데이터 크기: (275689, 3)
[2024-09-20 17:30:53] 병합된 데이터프레임 크기: (1677358, 8)
[2024-09-20 17:30:53] QA, IRT, Theta 데이터 로드 완료.
[2024-09-20 17:30:54] PostgreSQL에서 Education 데이터를 로드합니다.
[2024-09-20 17:30:54] Education 데이터 크기: (642, 7)
[2024-09-20 17:30:54] Education 데이터 클린 완료.
[2024-09-20 17:30:54] Merged 데이터 최종 크기: (1677358, 8)
[2024-09-20 17:30:54] Merged 데이터 처리 완료.
[2024-09-20 17:30:54] 데이터 처리 및 병합 완료
[2024-09-20 17:30:54] 모델 로드 시작
[2024-09-20 17:30:54] 모델 로드 완료
[2024-09-20 17:31:52] 학습자 ID 'A040000240' 확인됨
[2024-09-20 17:31:52] 추천 데이터 생성 시작
[2024-09-20 17:31:52] 추천 데이터 생성 완료, 학습자 A040000240에 대한 추천 결과 출력
[2024-09-20 17:31:56] 추천 데이터를 데이터베이스에 적재합니다.
[2024-09-20 17:31:56] 후속학습 추천 데이터를 삽입합니다: {'learner_id': 'A040000240', 'knowledgeTag': 2123, '후속학습_Chapter_Name': '사각형 > 마름모를 알아볼까요 / 사각형 > 마름모를 알아볼까요', '계열화': 'C-6-8', '영역': '도형'}
[2024-09-20 17:31:56] 테이블 successor_recommendations_save 생성 여부를 확인합니다.
[2024-09-20 17:31:56] 테이블 successor_recommendations_save이 생성되었습니다.
[2024-09-20 17:31:56] 중복 데이터가 발견되어 저장되지 않았습니다: {'learner_id': 'A040000240', 'knowledgeTag': 2123, '후속학습_Chapter_Name': '사각형 > 마름모를 알아볼까요 / 사각형 > 마름모를 알아볼까요', '계열화': 'C-6-8', '영역': '도형'}
[2024-09-20 17:31:56] 후속학습 추천 데이터를 삽입합니다: {'learner_id': 'A040000240', 'knowledgeTag': 11265, '후속학습_Chapter_Name': '꺾은선그래프 > 꺾은선그래프는 어디에 쓰일까요', '계열화': 'E-6-4', '영역': '자료와 가능성'}
[2024-09-20 17:31:56] 테이블 successor_recommendations_save 생성 여부를 확인합니다.
[2024-09-20 17:31:56] 테이블 successor_recommendations_save이 생성되었습니다.
[2024-09-20 17:31:56] 중복 데이터가 발견되어 저장되지 않았습니다: {'learner_id': 'A040000240', 'knowledgeTag': 11265, '후속학습_Chapter_Name': '꺾은선그래프 > 꺾은선그래프는 어디에 쓰일까요', '계열화': 'E-6-4', '영역': '자료와 가능성'}
[2024-09-20 17:31:56] 후속학습 추천 데이터를 삽입합니다: {'learner_id': 'A040000240', 'knowledgeTag': 710, '후속학습_Chapter_Name': '소수의 나눗셈 > (소수)÷(소수)를 알아볼까요 (1) / 소수의 나눗셈 > (소수)÷(소수)를 알아볼까요 (1)', '계열화': 'A-16-18', '영역': '수와 연산'}
[2024-09-20 17:31:56] 테이블 successor_recommendations_save 생성 여부를 확인합니다.
[2024-09-20 17:31:56] 테이블 successor_recommendations_save이 생성되었습니다.
[2024-09-20 17:31:56] 중복 데이터가 발견되어 저장되지 않았습니다: {'learner_id': 'A040000240', 'knowledgeTag': 710, '후속학습_Chapter_Name': '소수의 나눗셈 > (소수)÷(소수)를 알아볼까요 (1) / 소수의 나눗셈 > (소수)÷(소수)를 알아볼까요 (1)', '계열화': 'A-16-18', '영역': '수와 연산'}
[2024-09-20 17:31:56] 후속학습 추천 데이터를 삽입합니다: {'learner_id': 'A040000240', 'knowledgeTag': 3693, '후속학습_Chapter_Name': '규칙과 대응 > 두 양 사이의 관계를 알아볼까요 / 규칙과 대응 > 두 양 사이의 관계를 알아볼까요', '계열화': 'B-4-1', '영역': '변화와 관계'}
[2024-09-20 17:31:56] 테이블 successor_recommendations_save 생성 여부를 확인합니다.
[2024-09-20 17:31:56] 테이블 successor_recommendations_save이 생성되었습니다.
[2024-09-20 17:31:56] 중복 데이터가 발견되어 저장되지 않았습니다: {'learner_id': 'A040000240', 'knowledgeTag': 3693, '후속학습_Chapter_Name': '규칙과 대응 > 두 양 사이의 관계를 알아볼까요 / 규칙과 대응 > 두 양 사이의 관계를 알아볼까요', '계열화': 'B-4-1', '영역': '변화와 관계'}
[2024-09-20 17:31:56] 후속학습 추천 데이터를 삽입합니다: {'learner_id': 'A040000240', 'knowledgeTag': 2125, '후속학습_Chapter_Name': '꺾은선그래프 > 꺾은선그래프를 알아볼까요 / 꺾은선그래프 > 꺾은선그래프를 알아볼까요', '계열화': 'D-9-2', '영역': '측정'}
[2024-09-20 17:31:56] 테이블 successor_recommendations_save 생성 여부를 확인합니다.
[2024-09-20 17:31:56] 테이블 successor_recommendations_save이 생성되었습니다.
[2024-09-20 17:31:56] 중복 데이터가 발견되어 저장되지 않았습니다: {'learner_id': 'A040000240', 'knowledgeTag': 2125, '후속학습_Chapter_Name': '꺾은선그래프 > 꺾은선그래프를 알아볼까요 / 꺾은선그래프 > 꺾은선그래프를 알아볼까요', '계열화': 'D-9-2', '영역': '측정'}
[2024-09-20 17:31:56] 추천 데이터가 데이터베이스에 적재되었습니다.
[2024-09-20 17:31:56] ==========PROGRAM FINISH==========
